deberes/deber05/Android/app/build/intermediates/manifest_merge_blame_file/debug/manifest-merger-blame-debug-report.txt
1<?xml version="1.0" encoding="utf-8"?>
2<manifest xmlns:android="http://schemas.android.com/apk/res/android"
3    package="com.diaz_danny.examenibappmoviles"
4    android:versionCode="1"
5    android:versionName="1.0" >
6
7    <uses-sdk
8        android:minSdkVersion="24"
8-->src\main\AndroidManifest.xml
9        android:targetSdkVersion="29" />
9-->src\main\AndroidManifest.xml
10
11    <uses-permission android:name="android.permission.ACCESS_FINE_LOCATION" />
11-->src\main\AndroidManifest.xml:5:5-79
11-->src\main\AndroidManifest.xml:5:22-76
12    <uses-permission android:name="android.permission.INTERNET" />
12-->src\main\AndroidManifest.xml:6:5-67
12-->src\main\AndroidManifest.xml:6:22-64
13    <uses-permission android:name="android.permission.ACCESS_NETWORK_STATE" />
13-->src\main\AndroidManifest.xml:7:5-79
13-->src\main\AndroidManifest.xml:7:22-76
14
15    <application
15-->src\main\AndroidManifest.xml:9:5-33:19
16        android:allowBackup="true"
16-->src\main\AndroidManifest.xml:10:9-35
17        android:appComponentFactory="androidx.core.app.CoreComponentFactory"
17-->[androidx.core:core:1.3.1] AndroidManifest.xml:24:18-86
18        android:debuggable="true"
19        android:extractNativeLibs="false"
20        android:icon="@mipmap/ic_launcher"
20-->src\main\AndroidManifest.xml:11:9-43
21        android:label="@string/app_name"
21-->src\main\AndroidManifest.xml:12:9-41
22        android:roundIcon="@mipmap/ic_launcher_round"
22-->src\main\AndroidManifest.xml:13:9-54
23        android:supportsRtl="true"
23-->src\main\AndroidManifest.xml:14:9-35
24        android:testOnly="true"
25        android:theme="@style/AppTheme" >
25-->src\main\AndroidManifest.xml:15:9-40
26        <activity android:name="com.diaz_danny.examenibappmoviles.ActualizarMensajeActivity" />
26-->src\main\AndroidManifest.xml:16:9-72
26-->src\main\AndroidManifest.xml:16:19-60
27        <activity android:name="com.diaz_danny.examenibappmoviles.ChatActivity" />
27-->src\main\AndroidManifest.xml:17:9-50
27-->src\main\AndroidManifest.xml:17:19-47
28        <activity
28-->src\main\AndroidManifest.xml:18:9-20:73
29            android:name="com.diaz_danny.examenibappmoviles.ContraseniaActivity"
29-->src\main\AndroidManifest.xml:19:13-48
30            android:theme="@style/Theme.AppCompat.Light.Dialog.Alert" />
30-->src\main\AndroidManifest.xml:20:13-70
31        <activity
31-->src\main\AndroidManifest.xml:21:9-23:73
32            android:name="com.diaz_danny.examenibappmoviles.DetallesActivity"
32-->src\main\AndroidManifest.xml:22:13-45
33            android:theme="@style/Theme.AppCompat.Light.Dialog.Alert" />
33-->src\main\AndroidManifest.xml:23:13-70
34        <activity android:name="com.diaz_danny.examenibappmoviles.ActualizarGrupoChatActivity" />
34-->src\main\AndroidManifest.xml:24:9-65
34-->src\main\AndroidManifest.xml:24:19-62
35        <activity android:name="com.diaz_danny.examenibappmoviles.CrearGrupoChatActivity" />
35-->src\main\AndroidManifest.xml:25:9-60
35-->src\main\AndroidManifest.xml:25:19-57
36        <activity android:name="com.diaz_danny.examenibappmoviles.MainActivity" >
36-->src\main\AndroidManifest.xml:26:9-32:20
36-->src\main\AndroidManifest.xml:26:19-47
37            <intent-filter>
37-->src\main\AndroidManifest.xml:27:13-31:29
38                <action android:name="android.intent.action.MAIN" />
38-->src\main\AndroidManifest.xml:28:17-69
38-->src\main\AndroidManifest.xml:28:25-66
39
40                <category android:name="android.intent.category.LAUNCHER" />
40-->src\main\AndroidManifest.xml:30:17-77
40-->src\main\AndroidManifest.xml:30:27-74
41            </intent-filter>
42        </activity>
43    </application>
44
45</manifest>